<?xml version="1.0" encoding="UTF-8"?>
<testsuite name="음식점에 음식 3개 등록 및 메뉴판 조회" tests="3" skipped="0" failures="0" errors="0" timestamp="2022-07-20T13:45:54" hostname="BGs-MacBook-Pro.local" time="0.044">
  <properties/>
  <testcase name="음식 1개 등록" classname="com.innocation.deliveryapi.test.FoodIntegrationTest$RegisterRestaurants" time="0.011"/>
  <testcase name="음식 2개 등록" classname="com.innocation.deliveryapi.test.FoodIntegrationTest$RegisterRestaurants" time="0.013"/>
  <testcase name="음식점 메뉴판 조회" classname="com.innocation.deliveryapi.test.FoodIntegrationTest$RegisterRestaurants" time="0.019"/>
  <system-out><![CDATA[2022-07-20 22:45:54.067  INFO 41389 --- [    Test worker] .b.t.c.SpringBootTestContextBootstrapper : Neither @ContextConfiguration nor @ContextHierarchy found for test class [com.innocation.deliveryapi.test.FoodIntegrationTest$RegisterRestaurants], using SpringBootContextLoader
2022-07-20 22:45:54.068  INFO 41389 --- [    Test worker] o.s.t.c.support.AbstractContextLoader    : Could not detect default resource locations for test class [com.innocation.deliveryapi.test.FoodIntegrationTest$RegisterRestaurants]: no resource found for suffixes {-context.xml, Context.groovy}.
2022-07-20 22:45:54.068  INFO 41389 --- [    Test worker] t.c.s.AnnotationConfigContextLoaderUtils : Could not detect default configuration classes for test class [com.innocation.deliveryapi.test.FoodIntegrationTest$RegisterRestaurants]: RegisterRestaurants does not declare any static, non-private, non-final, nested classes annotated with @Configuration.
2022-07-20 22:45:54.069  INFO 41389 --- [    Test worker] .b.t.c.SpringBootTestContextBootstrapper : Found @SpringBootConfiguration com.innocation.deliveryapi.DeliveryApiApplication for test class com.innocation.deliveryapi.test.FoodIntegrationTest$RegisterRestaurants
2022-07-20 22:45:54.070  INFO 41389 --- [    Test worker] .b.t.c.SpringBootTestContextBootstrapper : Loaded default TestExecutionListener class names from location [META-INF/spring.factories]: [org.springframework.boot.test.autoconfigure.restdocs.RestDocsTestExecutionListener, org.springframework.boot.test.autoconfigure.web.client.MockRestServiceServerResetTestExecutionListener, org.springframework.boot.test.autoconfigure.web.servlet.MockMvcPrintOnlyOnFailureTestExecutionListener, org.springframework.boot.test.autoconfigure.web.servlet.WebDriverTestExecutionListener, org.springframework.boot.test.autoconfigure.webservices.client.MockWebServiceServerTestExecutionListener, org.springframework.boot.test.mock.mockito.MockitoTestExecutionListener, org.springframework.boot.test.mock.mockito.ResetMocksTestExecutionListener, org.springframework.test.context.web.ServletTestExecutionListener, org.springframework.test.context.support.DirtiesContextBeforeModesTestExecutionListener, org.springframework.test.context.event.ApplicationEventsTestExecutionListener, org.springframework.test.context.support.DependencyInjectionTestExecutionListener, org.springframework.test.context.support.DirtiesContextTestExecutionListener, org.springframework.test.context.transaction.TransactionalTestExecutionListener, org.springframework.test.context.jdbc.SqlScriptsTestExecutionListener, org.springframework.test.context.event.EventPublishingTestExecutionListener]
2022-07-20 22:45:54.070  INFO 41389 --- [    Test worker] .b.t.c.SpringBootTestContextBootstrapper : Using TestExecutionListeners: [org.springframework.test.context.web.ServletTestExecutionListener@6abd8bcd, org.springframework.test.context.support.DirtiesContextBeforeModesTestExecutionListener@70cd122, org.springframework.test.context.event.ApplicationEventsTestExecutionListener@79424f25, org.springframework.boot.test.mock.mockito.MockitoTestExecutionListener@5fd4e67f, org.springframework.boot.test.autoconfigure.SpringBootDependencyInjectionTestExecutionListener@59b1edab, org.springframework.test.context.support.DirtiesContextTestExecutionListener@3855b27e, org.springframework.test.context.transaction.TransactionalTestExecutionListener@5305f936, org.springframework.test.context.jdbc.SqlScriptsTestExecutionListener@2b1a1a37, org.springframework.test.context.event.EventPublishingTestExecutionListener@7d90764a, org.springframework.boot.test.autoconfigure.restdocs.RestDocsTestExecutionListener@6843fdc4, org.springframework.boot.test.autoconfigure.web.client.MockRestServiceServerResetTestExecutionListener@147375b3, org.springframework.boot.test.autoconfigure.web.servlet.MockMvcPrintOnlyOnFailureTestExecutionListener@6f430ea8, org.springframework.boot.test.autoconfigure.web.servlet.WebDriverTestExecutionListener@119f072c, org.springframework.boot.test.autoconfigure.webservices.client.MockWebServiceServerTestExecutionListener@66456506, org.springframework.boot.test.mock.mockito.ResetMocksTestExecutionListener@69944a90]
]]></system-out>
  <system-err><![CDATA[]]></system-err>
</testsuite>
